[debug] [2019-04-02T02:38:41.465Z] ----------------------------------------------------------------------
[debug] [2019-04-02T02:38:41.468Z] Command:       C:\Program Files\nodejs\node.exe C:\Users\ajgia\AppData\Roaming\npm\node_modules\firebase-tools\lib\bin\firebase.js init
[debug] [2019-04-02T02:38:41.468Z] CLI Version:   6.5.0
[debug] [2019-04-02T02:38:41.468Z] Platform:      win32
[debug] [2019-04-02T02:38:41.468Z] Node Version:  v10.15.3
[debug] [2019-04-02T02:38:41.469Z] Time:          Mon Apr 01 2019 19:38:41 GMT-0700 (Pacific Daylight Time)
[debug] [2019-04-02T02:38:41.469Z] ----------------------------------------------------------------------
[debug] 
[debug] [2019-04-02T02:38:41.479Z] > command requires scopes: ["email","openid","https://www.googleapis.com/auth/cloudplatformprojects.readonly","https://www.googleapis.com/auth/firebase","https://www.googleapis.com/auth/cloud-platform"]
[debug] [2019-04-02T02:38:41.479Z] > authorizing via signed-in user
[info] 
     ######## #### ########  ######## ########     ###     ######  ########
     ##        ##  ##     ## ##       ##     ##  ##   ##  ##       ##
     ######    ##  ########  ######   ########  #########  ######  ######
     ##        ##  ##    ##  ##       ##     ## ##     ##       ## ##
     ##       #### ##     ## ######## ########  ##     ##  ######  ########

You're about to initialize a Firebase project in this directory:

  C:\Users\ajgia\1930 Project 1\Team-5-1930-Project

[info] 
=== Project Setup
[info] 
[info] First, let's associate this project directory with a Firebase project.
[info] You can create multiple project aliases by running firebase use --add, 
[info] but for now we'll just set up a default project.
[info] 
[debug] [2019-04-02T02:39:37.227Z] > refreshing access token with scopes: ["email","https://www.googleapis.com/auth/cloud-platform","https://www.googleapis.com/auth/cloudplatformprojects.readonly","https://www.googleapis.com/auth/firebase","openid"]
[debug] [2019-04-02T02:39:37.227Z] >>> HTTP REQUEST POST https://www.googleapis.com/oauth2/v3/token  
 <request body omitted>
[debug] [2019-04-02T02:39:37.322Z] <<< HTTP RESPONSE 200
[debug] [2019-04-02T02:39:38.432Z] >>> HTTP REQUEST GET https://firebase.googleapis.com/v1beta1/projects?page_size=100  
 
[debug] [2019-04-02T02:39:38.765Z] <<< HTTP RESPONSE 200
[info] 
=== Hosting Setup
[info] 
[info] Your public directory is the folder (relative to your project directory) that
[info] will contain Hosting assets to be uploaded with firebase deploy. If you
[info] have a build process for your assets, use your build's output directory.
[info] 
